[1.769s] Invoking command in '/home/robotica/taller_1/src/turtle_bot_3': PYTHONPATH=/home/robotica/taller_1/build/turtle_bot_3/prefix_override:/home/robotica/taller_1/install/turtle_bot_3/lib/python3.10/site-packages:${PYTHONPATH} /usr/bin/python3 setup.py egg_info --egg-base ../../build/turtle_bot_3 build --build-base /home/robotica/taller_1/build/turtle_bot_3/build install --record /home/robotica/taller_1/build/turtle_bot_3/install.log --single-version-externally-managed
[2.361s] running egg_info
[2.363s] creating ../../build/turtle_bot_3/turtle_bot_3.egg-info
[2.363s] writing ../../build/turtle_bot_3/turtle_bot_3.egg-info/PKG-INFO
[2.363s] writing dependency_links to ../../build/turtle_bot_3/turtle_bot_3.egg-info/dependency_links.txt
[2.364s] writing entry points to ../../build/turtle_bot_3/turtle_bot_3.egg-info/entry_points.txt
[2.364s] writing requirements to ../../build/turtle_bot_3/turtle_bot_3.egg-info/requires.txt
[2.364s] writing top-level names to ../../build/turtle_bot_3/turtle_bot_3.egg-info/top_level.txt
[2.364s] writing manifest file '../../build/turtle_bot_3/turtle_bot_3.egg-info/SOURCES.txt'
[2.368s] reading manifest file '../../build/turtle_bot_3/turtle_bot_3.egg-info/SOURCES.txt'
[2.369s] adding license file 'LICENSE'
[2.370s] writing manifest file '../../build/turtle_bot_3/turtle_bot_3.egg-info/SOURCES.txt'
[2.371s] running build
[2.371s] running build_py
[2.371s] creating /home/robotica/taller_1/build/turtle_bot_3/build
[2.372s] creating /home/robotica/taller_1/build/turtle_bot_3/build/lib
[2.372s] creating /home/robotica/taller_1/build/turtle_bot_3/build/lib/turtle_bot_3
[2.372s] copying turtle_bot_3/my_node.py -> /home/robotica/taller_1/build/turtle_bot_3/build/lib/turtle_bot_3
[2.372s] copying turtle_bot_3/__init__.py -> /home/robotica/taller_1/build/turtle_bot_3/build/lib/turtle_bot_3
[2.373s] running install
[2.374s] running install_lib
[2.375s] creating /home/robotica/taller_1/install/turtle_bot_3/lib/python3.10/site-packages/turtle_bot_3
[2.375s] copying /home/robotica/taller_1/build/turtle_bot_3/build/lib/turtle_bot_3/my_node.py -> /home/robotica/taller_1/install/turtle_bot_3/lib/python3.10/site-packages/turtle_bot_3
[2.375s] copying /home/robotica/taller_1/build/turtle_bot_3/build/lib/turtle_bot_3/__init__.py -> /home/robotica/taller_1/install/turtle_bot_3/lib/python3.10/site-packages/turtle_bot_3
[2.376s] byte-compiling /home/robotica/taller_1/install/turtle_bot_3/lib/python3.10/site-packages/turtle_bot_3/my_node.py to my_node.cpython-310.pyc
[2.377s] byte-compiling /home/robotica/taller_1/install/turtle_bot_3/lib/python3.10/site-packages/turtle_bot_3/__init__.py to __init__.cpython-310.pyc
[2.377s] running install_data
[2.378s] creating /home/robotica/taller_1/install/turtle_bot_3/share/ament_index
[2.378s] creating /home/robotica/taller_1/install/turtle_bot_3/share/ament_index/resource_index
[2.378s] creating /home/robotica/taller_1/install/turtle_bot_3/share/ament_index/resource_index/packages
[2.378s] copying resource/turtle_bot_3 -> /home/robotica/taller_1/install/turtle_bot_3/share/ament_index/resource_index/packages
[2.379s] copying package.xml -> /home/robotica/taller_1/install/turtle_bot_3/share/turtle_bot_3
[2.379s] running install_egg_info
[2.382s] Copying ../../build/turtle_bot_3/turtle_bot_3.egg-info to /home/robotica/taller_1/install/turtle_bot_3/lib/python3.10/site-packages/turtle_bot_3-0.0.0-py3.10.egg-info
[2.383s] running install_scripts
[2.427s] Installing my_node script to /home/robotica/taller_1/install/turtle_bot_3/lib/turtle_bot_3
[2.427s] writing list of installed files to '/home/robotica/taller_1/build/turtle_bot_3/install.log'
[2.478s] Invoked command in '/home/robotica/taller_1/src/turtle_bot_3' returned '0': PYTHONPATH=/home/robotica/taller_1/build/turtle_bot_3/prefix_override:/home/robotica/taller_1/install/turtle_bot_3/lib/python3.10/site-packages:${PYTHONPATH} /usr/bin/python3 setup.py egg_info --egg-base ../../build/turtle_bot_3 build --build-base /home/robotica/taller_1/build/turtle_bot_3/build install --record /home/robotica/taller_1/build/turtle_bot_3/install.log --single-version-externally-managed
