[1.799s] Invoking command in '/home/robotica/taller_1/src/turtle_bot_3': PYTHONPATH=/home/robotica/taller_1/build/turtle_bot_3/prefix_override:/home/robotica/taller_1/install/turtle_bot_3/lib/python3.10/site-packages:${PYTHONPATH} /usr/bin/python3 setup.py egg_info --egg-base ../../build/turtle_bot_3 build --build-base /home/robotica/taller_1/build/turtle_bot_3/build install --record /home/robotica/taller_1/build/turtle_bot_3/install.log --single-version-externally-managed
[2.428s] running egg_info
[2.429s] writing ../../build/turtle_bot_3/turtle_bot_3.egg-info/PKG-INFO
[2.431s] writing dependency_links to ../../build/turtle_bot_3/turtle_bot_3.egg-info/dependency_links.txt
[2.431s] writing entry points to ../../build/turtle_bot_3/turtle_bot_3.egg-info/entry_points.txt
[2.431s] writing requirements to ../../build/turtle_bot_3/turtle_bot_3.egg-info/requires.txt
[2.432s] writing top-level names to ../../build/turtle_bot_3/turtle_bot_3.egg-info/top_level.txt
[2.435s] reading manifest file '../../build/turtle_bot_3/turtle_bot_3.egg-info/SOURCES.txt'
[2.437s] adding license file 'LICENSE'
[2.442s] writing manifest file '../../build/turtle_bot_3/turtle_bot_3.egg-info/SOURCES.txt'
[2.443s] running build
[2.443s] running build_py
[2.444s] copying turtle_bot_3/turtle_bot_teleop.py -> /home/robotica/taller_1/build/turtle_bot_3/build/lib/turtle_bot_3
[2.444s] running install
[2.445s] running install_lib
[2.446s] copying /home/robotica/taller_1/build/turtle_bot_3/build/lib/turtle_bot_3/turtle_bot_teleop.py -> /home/robotica/taller_1/install/turtle_bot_3/lib/python3.10/site-packages/turtle_bot_3
[2.447s] byte-compiling /home/robotica/taller_1/install/turtle_bot_3/lib/python3.10/site-packages/turtle_bot_3/turtle_bot_teleop.py to turtle_bot_teleop.cpython-310.pyc
[2.450s] running install_data
[2.455s] running install_egg_info
[2.460s] removing '/home/robotica/taller_1/install/turtle_bot_3/lib/python3.10/site-packages/turtle_bot_3-0.0.0-py3.10.egg-info' (and everything under it)
[2.463s] Copying ../../build/turtle_bot_3/turtle_bot_3.egg-info to /home/robotica/taller_1/install/turtle_bot_3/lib/python3.10/site-packages/turtle_bot_3-0.0.0-py3.10.egg-info
[2.472s] running install_scripts
[2.538s] Installing my_node script to /home/robotica/taller_1/install/turtle_bot_3/lib/turtle_bot_3
[2.539s] Installing node1 script to /home/robotica/taller_1/install/turtle_bot_3/lib/turtle_bot_3
[2.540s] writing list of installed files to '/home/robotica/taller_1/build/turtle_bot_3/install.log'
[2.595s] Invoked command in '/home/robotica/taller_1/src/turtle_bot_3' returned '0': PYTHONPATH=/home/robotica/taller_1/build/turtle_bot_3/prefix_override:/home/robotica/taller_1/install/turtle_bot_3/lib/python3.10/site-packages:${PYTHONPATH} /usr/bin/python3 setup.py egg_info --egg-base ../../build/turtle_bot_3 build --build-base /home/robotica/taller_1/build/turtle_bot_3/build install --record /home/robotica/taller_1/build/turtle_bot_3/install.log --single-version-externally-managed
