/home/robotica/taller_1/install/turtle_bot_3/lib/python3.10/site-packages/turtle_bot_3/keyListeners.py
/home/robotica/taller_1/install/turtle_bot_3/lib/python3.10/site-packages/turtle_bot_3/my_node.py
/home/robotica/taller_1/install/turtle_bot_3/lib/python3.10/site-packages/turtle_bot_3/__init__.py
/home/robotica/taller_1/install/turtle_bot_3/lib/python3.10/site-packages/turtle_bot_3/turtle_bot_teleop.py
/home/robotica/taller_1/install/turtle_bot_3/lib/python3.10/site-packages/turtle_bot_3/teleop_1.py
/home/robotica/taller_1/install/turtle_bot_3/lib/python3.10/site-packages/turtle_bot_3/__pycache__/keyListeners.cpython-310.pyc
/home/robotica/taller_1/install/turtle_bot_3/lib/python3.10/site-packages/turtle_bot_3/__pycache__/my_node.cpython-310.pyc
/home/robotica/taller_1/install/turtle_bot_3/lib/python3.10/site-packages/turtle_bot_3/__pycache__/__init__.cpython-310.pyc
/home/robotica/taller_1/install/turtle_bot_3/lib/python3.10/site-packages/turtle_bot_3/__pycache__/turtle_bot_teleop.cpython-310.pyc
/home/robotica/taller_1/install/turtle_bot_3/lib/python3.10/site-packages/turtle_bot_3/__pycache__/teleop_1.cpython-310.pyc
/home/robotica/taller_1/install/turtle_bot_3/share/ament_index/resource_index/packages/turtle_bot_3
/home/robotica/taller_1/install/turtle_bot_3/share/turtle_bot_3/package.xml
/home/robotica/taller_1/install/turtle_bot_3/lib/python3.10/site-packages/turtle_bot_3-0.0.0-py3.10.egg-info/SOURCES.txt
/home/robotica/taller_1/install/turtle_bot_3/lib/python3.10/site-packages/turtle_bot_3-0.0.0-py3.10.egg-info/PKG-INFO
/home/robotica/taller_1/install/turtle_bot_3/lib/python3.10/site-packages/turtle_bot_3-0.0.0-py3.10.egg-info/entry_points.txt
/home/robotica/taller_1/install/turtle_bot_3/lib/python3.10/site-packages/turtle_bot_3-0.0.0-py3.10.egg-info/zip-safe
/home/robotica/taller_1/install/turtle_bot_3/lib/python3.10/site-packages/turtle_bot_3-0.0.0-py3.10.egg-info/dependency_links.txt
/home/robotica/taller_1/install/turtle_bot_3/lib/python3.10/site-packages/turtle_bot_3-0.0.0-py3.10.egg-info/requires.txt
/home/robotica/taller_1/install/turtle_bot_3/lib/python3.10/site-packages/turtle_bot_3-0.0.0-py3.10.egg-info/top_level.txt
/home/robotica/taller_1/install/turtle_bot_3/lib/turtle_bot_3/my_node
/home/robotica/taller_1/install/turtle_bot_3/lib/turtle_bot_3/node1
