[1.933s] DEBUG:colcon:Command line arguments: ['/usr/bin/colcon', 'build']
[1.933s] DEBUG:colcon:Parsed command line arguments: Namespace(log_base=None, log_level=None, verb_name='build', build_base='build', install_base='install', merge_install=False, symlink_install=False, test_result_base=None, continue_on_error=False, executor='parallel', parallel_workers=4, event_handlers=None, ignore_user_meta=False, metas=['./colcon.meta'], base_paths=['.'], packages_ignore=None, packages_ignore_regex=None, paths=None, packages_up_to=None, packages_up_to_regex=None, packages_above=None, packages_above_and_dependencies=None, packages_above_depth=None, packages_select_by_dep=None, packages_skip_by_dep=None, packages_skip_up_to=None, packages_select_build_failed=False, packages_skip_build_finished=False, packages_select_test_failures=False, packages_skip_test_passed=False, packages_select=None, packages_skip=None, packages_select_regex=None, packages_skip_regex=None, packages_start=None, packages_end=None, allow_overriding=[], cmake_args=None, cmake_target=None, cmake_target_skip_unavailable=False, cmake_clean_cache=False, cmake_clean_first=False, cmake_force_configure=False, ament_cmake_args=None, catkin_cmake_args=None, catkin_skip_building_tests=False, verb_parser=<colcon_defaults.argument_parser.defaults.DefaultArgumentsDecorator object at 0x7f9a50dad8d0>, verb_extension=<colcon_core.verb.build.BuildVerb object at 0x7f9a50d93cd0>, main=<bound method BuildVerb.main of <colcon_core.verb.build.BuildVerb object at 0x7f9a50d93cd0>>)
[2.016s] Level 1:colcon.colcon_core.package_discovery:discover_packages(colcon_meta) check parameters
[2.016s] Level 1:colcon.colcon_core.package_discovery:discover_packages(recursive) check parameters
[2.016s] Level 1:colcon.colcon_core.package_discovery:discover_packages(ignore) check parameters
[2.016s] Level 1:colcon.colcon_core.package_discovery:discover_packages(path) check parameters
[2.016s] Level 1:colcon.colcon_core.package_discovery:discover_packages(colcon_meta) discover
[2.016s] Level 1:colcon.colcon_core.package_discovery:discover_packages(recursive) discover
[2.016s] INFO:colcon.colcon_core.package_discovery:Crawling recursively for packages in '/home/robotica/taller_1'
[2.017s] Level 1:colcon.colcon_core.package_identification:_identify(.) by extensions ['ignore', 'ignore_ament_install']
[2.017s] Level 1:colcon.colcon_core.package_identification:_identify(.) by extension 'ignore'
[2.017s] Level 1:colcon.colcon_core.package_identification:_identify(.) by extension 'ignore_ament_install'
[2.017s] Level 1:colcon.colcon_core.package_identification:_identify(.) by extensions ['colcon_pkg']
[2.017s] Level 1:colcon.colcon_core.package_identification:_identify(.) by extension 'colcon_pkg'
[2.017s] Level 1:colcon.colcon_core.package_identification:_identify(.) by extensions ['colcon_meta']
[2.017s] Level 1:colcon.colcon_core.package_identification:_identify(.) by extension 'colcon_meta'
[2.017s] Level 1:colcon.colcon_core.package_identification:_identify(.) by extensions ['ros']
[2.017s] Level 1:colcon.colcon_core.package_identification:_identify(.) by extension 'ros'
[2.043s] Level 1:colcon.colcon_core.package_identification:_identify(.) by extensions ['cmake', 'python']
[2.043s] Level 1:colcon.colcon_core.package_identification:_identify(.) by extension 'cmake'
[2.043s] Level 1:colcon.colcon_core.package_identification:_identify(.) by extension 'python'
[2.043s] Level 1:colcon.colcon_core.package_identification:_identify(.) by extensions ['python_setup_py']
[2.043s] Level 1:colcon.colcon_core.package_identification:_identify(.) by extension 'python_setup_py'
[2.043s] Level 1:colcon.colcon_core.package_identification:_identify(build) by extensions ['ignore', 'ignore_ament_install']
[2.044s] Level 1:colcon.colcon_core.package_identification:_identify(build) by extension 'ignore'
[2.044s] Level 1:colcon.colcon_core.package_identification:_identify(build) ignored
[2.044s] Level 1:colcon.colcon_core.package_identification:_identify(install) by extensions ['ignore', 'ignore_ament_install']
[2.044s] Level 1:colcon.colcon_core.package_identification:_identify(install) by extension 'ignore'
[2.044s] Level 1:colcon.colcon_core.package_identification:_identify(install) ignored
[2.044s] Level 1:colcon.colcon_core.package_identification:_identify(log) by extensions ['ignore', 'ignore_ament_install']
[2.045s] Level 1:colcon.colcon_core.package_identification:_identify(log) by extension 'ignore'
[2.045s] Level 1:colcon.colcon_core.package_identification:_identify(log) ignored
[2.045s] Level 1:colcon.colcon_core.package_identification:_identify(src) by extensions ['ignore', 'ignore_ament_install']
[2.045s] Level 1:colcon.colcon_core.package_identification:_identify(src) by extension 'ignore'
[2.045s] Level 1:colcon.colcon_core.package_identification:_identify(src) by extension 'ignore_ament_install'
[2.045s] Level 1:colcon.colcon_core.package_identification:_identify(src) by extensions ['colcon_pkg']
[2.045s] Level 1:colcon.colcon_core.package_identification:_identify(src) by extension 'colcon_pkg'
[2.045s] Level 1:colcon.colcon_core.package_identification:_identify(src) by extensions ['colcon_meta']
[2.045s] Level 1:colcon.colcon_core.package_identification:_identify(src) by extension 'colcon_meta'
[2.045s] Level 1:colcon.colcon_core.package_identification:_identify(src) by extensions ['ros']
[2.045s] Level 1:colcon.colcon_core.package_identification:_identify(src) by extension 'ros'
[2.046s] Level 1:colcon.colcon_core.package_identification:_identify(src) by extensions ['cmake', 'python']
[2.046s] Level 1:colcon.colcon_core.package_identification:_identify(src) by extension 'cmake'
[2.046s] Level 1:colcon.colcon_core.package_identification:_identify(src) by extension 'python'
[2.046s] Level 1:colcon.colcon_core.package_identification:_identify(src) by extensions ['python_setup_py']
[2.046s] Level 1:colcon.colcon_core.package_identification:_identify(src) by extension 'python_setup_py'
[2.046s] Level 1:colcon.colcon_core.package_identification:_identify(src/turtle_bot_3) by extensions ['ignore', 'ignore_ament_install']
[2.046s] Level 1:colcon.colcon_core.package_identification:_identify(src/turtle_bot_3) by extension 'ignore'
[2.046s] Level 1:colcon.colcon_core.package_identification:_identify(src/turtle_bot_3) by extension 'ignore_ament_install'
[2.046s] Level 1:colcon.colcon_core.package_identification:_identify(src/turtle_bot_3) by extensions ['colcon_pkg']
[2.046s] Level 1:colcon.colcon_core.package_identification:_identify(src/turtle_bot_3) by extension 'colcon_pkg'
[2.047s] Level 1:colcon.colcon_core.package_identification:_identify(src/turtle_bot_3) by extensions ['colcon_meta']
[2.047s] Level 1:colcon.colcon_core.package_identification:_identify(src/turtle_bot_3) by extension 'colcon_meta'
[2.047s] Level 1:colcon.colcon_core.package_identification:_identify(src/turtle_bot_3) by extensions ['ros']
[2.047s] Level 1:colcon.colcon_core.package_identification:_identify(src/turtle_bot_3) by extension 'ros'
[2.053s] DEBUG:colcon.colcon_core.package_identification:Package 'src/turtle_bot_3' with type 'ros.ament_python' and name 'turtle_bot_3'
[2.053s] Level 1:colcon.colcon_core.package_discovery:discover_packages(recursive) using defaults
[2.053s] Level 1:colcon.colcon_core.package_discovery:discover_packages(ignore) discover
[2.053s] Level 1:colcon.colcon_core.package_discovery:discover_packages(ignore) using defaults
[2.053s] Level 1:colcon.colcon_core.package_discovery:discover_packages(path) discover
[2.053s] Level 1:colcon.colcon_core.package_discovery:discover_packages(path) using defaults
[2.219s] Level 1:colcon.colcon_core.package_discovery:discover_packages(prefix_path) check parameters
[2.219s] Level 1:colcon.colcon_core.package_discovery:discover_packages(prefix_path) discover
[2.273s] DEBUG:colcon.colcon_installed_package_information.package_discovery:Found 1 installed packages in /home/robotica/taller_1/install
[2.303s] DEBUG:colcon.colcon_installed_package_information.package_discovery:Found 270 installed packages in /opt/ros/humble
[2.308s] Level 1:colcon.colcon_core.package_discovery:discover_packages(prefix_path) using defaults
[2.520s] Level 5:colcon.colcon_core.verb:set package 'turtle_bot_3' build argument 'cmake_args' from command line to 'None'
[2.520s] Level 5:colcon.colcon_core.verb:set package 'turtle_bot_3' build argument 'cmake_target' from command line to 'None'
[2.520s] Level 5:colcon.colcon_core.verb:set package 'turtle_bot_3' build argument 'cmake_target_skip_unavailable' from command line to 'False'
[2.520s] Level 5:colcon.colcon_core.verb:set package 'turtle_bot_3' build argument 'cmake_clean_cache' from command line to 'False'
[2.520s] Level 5:colcon.colcon_core.verb:set package 'turtle_bot_3' build argument 'cmake_clean_first' from command line to 'False'
[2.520s] Level 5:colcon.colcon_core.verb:set package 'turtle_bot_3' build argument 'cmake_force_configure' from command line to 'False'
[2.520s] Level 5:colcon.colcon_core.verb:set package 'turtle_bot_3' build argument 'ament_cmake_args' from command line to 'None'
[2.521s] Level 5:colcon.colcon_core.verb:set package 'turtle_bot_3' build argument 'catkin_cmake_args' from command line to 'None'
[2.521s] Level 5:colcon.colcon_core.verb:set package 'turtle_bot_3' build argument 'catkin_skip_building_tests' from command line to 'False'
[2.521s] DEBUG:colcon.colcon_core.verb:Building package 'turtle_bot_3' with the following arguments: {'ament_cmake_args': None, 'build_base': '/home/robotica/taller_1/build/turtle_bot_3', 'catkin_cmake_args': None, 'catkin_skip_building_tests': False, 'cmake_args': None, 'cmake_clean_cache': False, 'cmake_clean_first': False, 'cmake_force_configure': False, 'cmake_target': None, 'cmake_target_skip_unavailable': False, 'install_base': '/home/robotica/taller_1/install/turtle_bot_3', 'merge_install': False, 'path': '/home/robotica/taller_1/src/turtle_bot_3', 'symlink_install': False, 'test_result_base': None}
[2.545s] INFO:colcon.colcon_core.executor:Executing jobs using 'parallel' executor
[2.571s] DEBUG:colcon.colcon_parallel_executor.executor.parallel:run_until_complete
[2.571s] INFO:colcon.colcon_ros.task.ament_python.build:Building ROS package in '/home/robotica/taller_1/src/turtle_bot_3' with build type 'ament_python'
[2.571s] Level 1:colcon.colcon_core.shell:create_environment_hook('turtle_bot_3', 'ament_prefix_path')
[2.601s] INFO:colcon.colcon_core.plugin_system:Skipping extension 'colcon_core.shell.bat': Not used on non-Windows systems
[2.601s] INFO:colcon.colcon_core.shell:Creating environment hook '/home/robotica/taller_1/install/turtle_bot_3/share/turtle_bot_3/hook/ament_prefix_path.ps1'
[2.607s] INFO:colcon.colcon_core.shell:Creating environment descriptor '/home/robotica/taller_1/install/turtle_bot_3/share/turtle_bot_3/hook/ament_prefix_path.dsv'
[2.608s] INFO:colcon.colcon_core.shell:Creating environment hook '/home/robotica/taller_1/install/turtle_bot_3/share/turtle_bot_3/hook/ament_prefix_path.sh'
[2.635s] INFO:colcon.colcon_core.shell:Skip shell extension 'powershell' for command environment: Not usable outside of PowerShell
[2.635s] DEBUG:colcon.colcon_core.shell:Skip shell extension 'dsv' for command environment
[3.340s] INFO:colcon.colcon_core.task.python.build:Building Python package in '/home/robotica/taller_1/src/turtle_bot_3'
[3.366s] INFO:colcon.colcon_core.shell:Skip shell extension 'powershell' for command environment: Not usable outside of PowerShell
[3.366s] DEBUG:colcon.colcon_core.shell:Skip shell extension 'dsv' for command environment
[4.203s] DEBUG:colcon.colcon_core.event_handler.log_command:Invoking command in '/home/robotica/taller_1/src/turtle_bot_3': PYTHONPATH=/home/robotica/taller_1/build/turtle_bot_3/prefix_override:/home/robotica/taller_1/install/turtle_bot_3/lib/python3.10/site-packages:${PYTHONPATH} /usr/bin/python3 setup.py egg_info --egg-base ../../build/turtle_bot_3 build --build-base /home/robotica/taller_1/build/turtle_bot_3/build install --record /home/robotica/taller_1/build/turtle_bot_3/install.log --single-version-externally-managed
[4.908s] DEBUG:colcon.colcon_core.event_handler.log_command:Invoked command in '/home/robotica/taller_1/src/turtle_bot_3' returned '0': PYTHONPATH=/home/robotica/taller_1/build/turtle_bot_3/prefix_override:/home/robotica/taller_1/install/turtle_bot_3/lib/python3.10/site-packages:${PYTHONPATH} /usr/bin/python3 setup.py egg_info --egg-base ../../build/turtle_bot_3 build --build-base /home/robotica/taller_1/build/turtle_bot_3/build install --record /home/robotica/taller_1/build/turtle_bot_3/install.log --single-version-externally-managed
[4.942s] Level 1:colcon.colcon_core.environment:checking '/home/robotica/taller_1/install/turtle_bot_3' for CMake module files
[4.943s] Level 1:colcon.colcon_core.environment:checking '/home/robotica/taller_1/install/turtle_bot_3' for CMake config files
[4.944s] Level 1:colcon.colcon_core.environment:checking '/home/robotica/taller_1/install/turtle_bot_3/lib'
[4.945s] Level 1:colcon.colcon_core.environment:checking '/home/robotica/taller_1/install/turtle_bot_3/bin'
[4.945s] Level 1:colcon.colcon_core.environment:checking '/home/robotica/taller_1/install/turtle_bot_3/lib/pkgconfig/turtle_bot_3.pc'
[4.945s] Level 1:colcon.colcon_core.environment:checking '/home/robotica/taller_1/install/turtle_bot_3/lib/python3.10/site-packages'
[4.945s] Level 1:colcon.colcon_core.shell:create_environment_hook('turtle_bot_3', 'pythonpath')
[4.971s] INFO:colcon.colcon_core.shell:Creating environment hook '/home/robotica/taller_1/install/turtle_bot_3/share/turtle_bot_3/hook/pythonpath.ps1'
[4.972s] INFO:colcon.colcon_core.shell:Creating environment descriptor '/home/robotica/taller_1/install/turtle_bot_3/share/turtle_bot_3/hook/pythonpath.dsv'
[4.972s] INFO:colcon.colcon_core.shell:Creating environment hook '/home/robotica/taller_1/install/turtle_bot_3/share/turtle_bot_3/hook/pythonpath.sh'
[4.973s] Level 1:colcon.colcon_core.environment:checking '/home/robotica/taller_1/install/turtle_bot_3/bin'
[4.973s] Level 1:colcon.colcon_core.environment:create_environment_scripts_only(turtle_bot_3)
[4.998s] INFO:colcon.colcon_core.shell:Creating package script '/home/robotica/taller_1/install/turtle_bot_3/share/turtle_bot_3/package.ps1'
[5.000s] INFO:colcon.colcon_core.shell:Creating package descriptor '/home/robotica/taller_1/install/turtle_bot_3/share/turtle_bot_3/package.dsv'
[5.001s] INFO:colcon.colcon_core.shell:Creating package script '/home/robotica/taller_1/install/turtle_bot_3/share/turtle_bot_3/package.sh'
[5.003s] INFO:colcon.colcon_core.shell:Creating package script '/home/robotica/taller_1/install/turtle_bot_3/share/turtle_bot_3/package.bash'
[5.004s] INFO:colcon.colcon_core.shell:Creating package script '/home/robotica/taller_1/install/turtle_bot_3/share/turtle_bot_3/package.zsh'
[5.006s] Level 1:colcon.colcon_core.environment:create_file_with_runtime_dependencies(/home/robotica/taller_1/install/turtle_bot_3/share/colcon-core/packages/turtle_bot_3)
[5.006s] DEBUG:colcon.colcon_parallel_executor.executor.parallel:closing loop
[5.007s] DEBUG:colcon.colcon_parallel_executor.executor.parallel:loop closed
[5.007s] DEBUG:colcon.colcon_parallel_executor.executor.parallel:run_until_complete finished with '0'
[5.007s] DEBUG:colcon.colcon_core.event_reactor:joining thread
[5.044s] INFO:colcon.colcon_core.plugin_system:Skipping extension 'colcon_notification.desktop_notification.terminal_notifier': Not used on non-Darwin systems
[5.044s] INFO:colcon.colcon_core.plugin_system:Skipping extension 'colcon_notification.desktop_notification.win32': Not used on non-Windows systems
[5.044s] INFO:colcon.colcon_notification.desktop_notification:Sending desktop notification using 'notify2'
[5.066s] DEBUG:colcon.colcon_core.event_reactor:joined thread
[5.094s] INFO:colcon.colcon_core.shell:Creating prefix script '/home/robotica/taller_1/install/local_setup.ps1'
[5.097s] INFO:colcon.colcon_core.shell:Creating prefix util module '/home/robotica/taller_1/install/_local_setup_util_ps1.py'
[5.100s] INFO:colcon.colcon_core.shell:Creating prefix chain script '/home/robotica/taller_1/install/setup.ps1'
[5.132s] INFO:colcon.colcon_core.shell:Creating prefix script '/home/robotica/taller_1/install/local_setup.sh'
[5.133s] INFO:colcon.colcon_core.shell:Creating prefix util module '/home/robotica/taller_1/install/_local_setup_util_sh.py'
[5.134s] INFO:colcon.colcon_core.shell:Creating prefix chain script '/home/robotica/taller_1/install/setup.sh'
[5.161s] INFO:colcon.colcon_core.shell:Creating prefix script '/home/robotica/taller_1/install/local_setup.bash'
[5.162s] INFO:colcon.colcon_core.shell:Creating prefix chain script '/home/robotica/taller_1/install/setup.bash'
[5.190s] INFO:colcon.colcon_core.shell:Creating prefix script '/home/robotica/taller_1/install/local_setup.zsh'
[5.191s] INFO:colcon.colcon_core.shell:Creating prefix chain script '/home/robotica/taller_1/install/setup.zsh'
